<?xml version="1.0" encoding="UTF-8"?>
<!-- Generated by org.testng.reporters.JUnitReportReporter -->
<testsuite hostname="Santus-MacBook-Air.local" failures="0" tests="1" name="basictest.BasicApiTestDemo" time="11.639" errors="0" timestamp="2020-08-08T21:13:44 EDT" skipped="0">
  <testcase classname="basictest.BasicApiTestDemo" name="verifyAPIFlow" time="11.639"/>
  <system-out/>
</testsuite> <!-- basictest.BasicApiTestDemo -->
